# JRE version: OpenJDK Runtime Environment (11.0.8+10) (build 11.0.8+10-b944.6842174)
# Java VM: OpenJDK 64-Bit Server VM (11.0.8+10-b944.6842174, mixed mode, tiered, compressed oops, g1 gc, windows-amd64)
Heap:
 garbage-first heap   total 352256K, used 143804K [0x0000000080000000, 0x0000000100000000)
  region size 1024K, 2 young (2048K), 2 survivors (2048K)
 Metaspace       used 94401K, capacity 96620K, committed 96896K, reserved 1132544K
  class space    used 12244K, capacity 13061K, committed 13184K, reserved 1048576K
GC Heap History (20 events):
Event: 34.874 GC heap after
{Heap after GC invocations=38 (full 0):
 garbage-first heap   total 243712K, used 134144K [0x0000000080000000, 0x0000000100000000)
  region size 1024K, 2 young (2048K), 2 survivors (2048K)
 Metaspace       used 87797K, capacity 89853K, committed 90112K, reserved 1126400K
  class space    used 11472K, capacity 12205K, committed 12288K, reserved 1048576K
}
Event: 36.991 GC heap before
{Heap before GC invocations=39 (full 0):
 garbage-first heap   total 243712K, used 168960K [0x0000000080000000, 0x0000000100000000)
  region size 1024K, 37 young (37888K), 2 survivors (2048K)
 Metaspace       used 89737K, capacity 91940K, committed 92160K, reserved 1128448K
  class space    used 11737K, capacity 12508K, committed 12544K, reserved 1048576K
}
Event: 37.045 GC heap after
{Heap after GC invocations=40 (full 0):
 garbage-first heap   total 243712K, used 147218K [0x0000000080000000, 0x0000000100000000)
  region size 1024K, 5 young (5120K), 5 survivors (5120K)
 Metaspace       used 89737K, capacity 91940K, committed 92160K, reserved 1128448K
  class space    used 11737K, capacity 12508K, committed 12544K, reserved 1048576K
}
Event: 37.302 GC heap before
{Heap before GC invocations=40 (full 0):
 garbage-first heap   total 243712K, used 168722K [0x0000000080000000, 0x0000000100000000)
  region size 1024K, 28 young (28672K), 5 survivors (5120K)
 Metaspace       used 90063K, capacity 92231K, committed 92544K, reserved 1128448K
  class space    used 11766K, capacity 12557K, committed 12672K, reserved 1048576K
}
Event: 37.331 GC heap after
{Heap after GC invocations=41 (full 0):
 garbage-first heap   total 243712K, used 150962K [0x0000000080000000, 0x0000000100000000)
  region size 1024K, 3 young (3072K), 3 survivors (3072K)
 Metaspace       used 90063K, capacity 92231K, committed 92544K, reserved 1128448K
  class space    used 11766K, capacity 12557K, committed 12672K, reserved 1048576K
}
Event: 38.357 GC heap before
{Heap before GC invocations=42 (full 0):
 garbage-first heap   total 243712K, used 184754K [0x0000000080000000, 0x0000000100000000)
  region size 1024K, 33 young (33792K), 3 survivors (3072K)
 Metaspace       used 90354K, capacity 92578K, committed 92800K, reserved 1130496K
  class space    used 11786K, capacity 12561K, committed 12672K, reserved 1048576K
}
Event: 38.388 GC heap after
{Heap after GC invocations=43 (full 0):
 garbage-first heap   total 243712K, used 158439K [0x0000000080000000, 0x0000000100000000)
  region size 1024K, 5 young (5120K), 5 survivors (5120K)
 Metaspace       used 90354K, capacity 92578K, committed 92800K, reserved 1130496K
  class space    used 11786K, capacity 12561K, committed 12672K, reserved 1048576K
}
Event: 38.453 GC heap before
{Heap before GC invocations=43 (full 0):
 garbage-first heap   total 243712K, used 163559K [0x0000000080000000, 0x0000000100000000)
  region size 1024K, 11 young (11264K), 5 survivors (5120K)
 Metaspace       used 90435K, capacity 92695K, committed 92800K, reserved 1130496K
  class space    used 11795K, capacity 12599K, committed 12672K, reserved 1048576K
}
Event: 38.478 GC heap after
{Heap after GC invocations=44 (full 0):
 garbage-first heap   total 292864K, used 157312K [0x0000000080000000, 0x0000000100000000)
  region size 1024K, 2 young (2048K), 2 survivors (2048K)
 Metaspace       used 90435K, capacity 92695K, committed 92800K, reserved 1130496K
  class space    used 11795K, capacity 12599K, committed 12672K, reserved 1048576K
}
Event: 38.585 GC heap before
{Heap before GC invocations=44 (full 0):
 garbage-first heap   total 292864K, used 170624K [0x0000000080000000, 0x0000000100000000)
  region size 1024K, 17 young (17408K), 2 survivors (2048K)
 Metaspace       used 90438K, capacity 92695K, committed 92800K, reserved 1130496K
  class space    used 11795K, capacity 12599K, committed 12672K, reserved 1048576K
}
Event: 38.593 GC heap after
{Heap after GC invocations=45 (full 0):
 garbage-first heap   total 292864K, used 158834K [0x0000000080000000, 0x0000000100000000)
  region size 1024K, 3 young (3072K), 3 survivors (3072K)
 Metaspace       used 90438K, capacity 92695K, committed 92800K, reserved 1130496K
  class space    used 11795K, capacity 12599K, committed 12672K, reserved 1048576K
}
Event: 39.006 GC heap before
{Heap before GC invocations=45 (full 0):
 garbage-first heap   total 292864K, used 216178K [0x0000000080000000, 0x0000000100000000)
  region size 1024K, 52 young (53248K), 3 survivors (3072K)
 Metaspace       used 90573K, capacity 92787K, committed 93056K, reserved 1130496K
  class space    used 11812K, capacity 12606K, committed 12672K, reserved 1048576K
}
Event: 39.030 GC heap after
{Heap after GC invocations=46 (full 0):
 garbage-first heap   total 292864K, used 172743K [0x0000000080000000, 0x0000000100000000)
  region size 1024K, 7 young (7168K), 7 survivors (7168K)
 Metaspace       used 90573K, capacity 92787K, committed 93056K, reserved 1130496K
  class space    used 11812K, capacity 12606K, committed 12672K, reserved 1048576K
}
Event: 40.036 GC heap before
{Heap before GC invocations=47 (full 0):
 garbage-first heap   total 292864K, used 225991K [0x0000000080000000, 0x0000000100000000)
  region size 1024K, 54 young (55296K), 7 survivors (7168K)
 Metaspace       used 90901K, capacity 93111K, committed 93312K, reserved 1130496K
  class space    used 11833K, capacity 12638K, committed 12672K, reserved 1048576K
}
Event: 40.055 GC heap after
{Heap after GC invocations=48 (full 0):
 garbage-first heap   total 292864K, used 178403K [0x0000000080000000, 0x0000000100000000)
  region size 1024K, 1 young (1024K), 1 survivors (1024K)
 Metaspace       used 90901K, capacity 93111K, committed 93312K, reserved 1130496K
  class space    used 11833K, capacity 12638K, committed 12672K, reserved 1048576K
}
Event: 42.455 GC heap before
{Heap before GC invocations=48 (full 0):
 garbage-first heap   total 292864K, used 226531K [0x0000000080000000, 0x0000000100000000)
  region size 1024K, 49 young (50176K), 1 survivors (1024K)
 Metaspace       used 92386K, capacity 94644K, committed 94720K, reserved 1130496K
  class space    used 11998K, capacity 12787K, committed 12800K, reserved 1048576K
}
Event: 42.470 GC heap after
{Heap after GC invocations=49 (full 0):
 garbage-first heap   total 292864K, used 173326K [0x0000000080000000, 0x0000000100000000)
  region size 1024K, 3 young (3072K), 3 survivors (3072K)
 Metaspace       used 92386K, capacity 94644K, committed 94720K, reserved 1130496K
  class space    used 11998K, capacity 12787K, committed 12800K, reserved 1048576K
}
Event: 43.875 GC heap before
{Heap before GC invocations=50 (full 0):
 garbage-first heap   total 292864K, used 208142K [0x0000000080000000, 0x0000000100000000)
  region size 1024K, 55 young (56320K), 3 survivors (3072K)
 Metaspace       used 94401K, capacity 96620K, committed 96896K, reserved 1132544K
  class space    used 12244K, capacity 13061K, committed 13184K, reserved 1048576K
}
Event: 43.900 GC heap after
{Heap after GC invocations=51 (full 0):
 garbage-first heap   total 292864K, used 161960K [0x0000000080000000, 0x0000000100000000)
  region size 1024K, 7 young (7168K), 7 survivors (7168K)
 Metaspace       used 94401K, capacity 96620K, committed 96896K, reserved 1132544K
  class space    used 12244K, capacity 13061K, committed 13184K, reserved 1048576K
}
Event: 43.962 GC heap before
{Heap before GC invocations=51 (full 0):
 garbage-first heap   total 292864K, used 169128K [0x0000000080000000, 0x0000000100000000)
  region size 1024K, 14 young (14336K), 7 survivors (7168K)
 Metaspace       used 94401K, capacity 96620K, committed 96896K, reserved 1132544K
  class space    used 12244K, capacity 13061K, committed 13184K, reserved 1048576K
}

