# JRE version: OpenJDK Runtime Environment (11.0.8+10) (build 11.0.8+10-b944.6842174)
# Java VM: OpenJDK 64-Bit Server VM (11.0.8+10-b944.6842174, mixed mode, tiered, compressed oops, g1 gc, windows-amd64)
Heap:
 garbage-first heap   total 617472K, used 296416K [0x0000000080000000, 0x0000000100000000)
  region size 1024K, 59 young (60416K), 10 survivors (10240K)
 Metaspace       used 102228K, capacity 104669K, committed 104832K, reserved 1140736K
  class space    used 12984K, capacity 13897K, committed 13952K, reserved 1048576K
GC Heap History (20 events):
Event: 50.521 GC heap before
{Heap before GC invocations=56 (full 0):
 garbage-first heap   total 393216K, used 336385K [0x0000000080000000, 0x0000000100000000)
  region size 1024K, 219 young (224256K), 18 survivors (18432K)
 Metaspace       used 95834K, capacity 98122K, committed 98176K, reserved 1134592K
  class space    used 12297K, capacity 13154K, committed 13184K, reserved 1048576K
}
Event: 50.588 GC heap after
{Heap after GC invocations=57 (full 0):
 garbage-first heap   total 507904K, used 127992K [0x0000000080000000, 0x0000000100000000)
  region size 1024K, 14 young (14336K), 14 survivors (14336K)
 Metaspace       used 95834K, capacity 98122K, committed 98176K, reserved 1134592K
  class space    used 12297K, capacity 13154K, committed 13184K, reserved 1048576K
}
Event: 52.370 GC heap before
{Heap before GC invocations=57 (full 0):
 garbage-first heap   total 507904K, used 394232K [0x0000000080000000, 0x0000000100000000)
  region size 1024K, 275 young (281600K), 14 survivors (14336K)
 Metaspace       used 95944K, capacity 98292K, committed 98432K, reserved 1134592K
  class space    used 12301K, capacity 13161K, committed 13184K, reserved 1048576K
}
Event: 52.433 GC heap after
{Heap after GC invocations=58 (full 0):
 garbage-first heap   total 507904K, used 135160K [0x0000000080000000, 0x0000000100000000)
  region size 1024K, 21 young (21504K), 21 survivors (21504K)
 Metaspace       used 95944K, capacity 98292K, committed 98432K, reserved 1134592K
  class space    used 12301K, capacity 13161K, committed 13184K, reserved 1048576K
}
Event: 54.228 GC heap before
{Heap before GC invocations=58 (full 0):
 garbage-first heap   total 507904K, used 417784K [0x0000000080000000, 0x0000000100000000)
  region size 1024K, 297 young (304128K), 21 survivors (21504K)
 Metaspace       used 95982K, capacity 98306K, committed 98432K, reserved 1134592K
  class space    used 12302K, capacity 13162K, committed 13184K, reserved 1048576K
}
Event: 54.332 GC heap after
{Heap after GC invocations=59 (full 0):
 garbage-first heap   total 507904K, used 144212K [0x0000000080000000, 0x0000000100000000)
  region size 1024K, 28 young (28672K), 28 survivors (28672K)
 Metaspace       used 95982K, capacity 98306K, committed 98432K, reserved 1134592K
  class space    used 12302K, capacity 13162K, committed 13184K, reserved 1048576K
}
Event: 55.900 GC heap before
{Heap before GC invocations=59 (full 0):
 garbage-first heap   total 507904K, used 419668K [0x0000000080000000, 0x0000000100000000)
  region size 1024K, 297 young (304128K), 28 survivors (28672K)
 Metaspace       used 95997K, capacity 98312K, committed 98432K, reserved 1134592K
  class space    used 12302K, capacity 13163K, committed 13184K, reserved 1048576K
}
Event: 55.972 GC heap after
{Heap after GC invocations=60 (full 0):
 garbage-first heap   total 507904K, used 144166K [0x0000000080000000, 0x0000000100000000)
  region size 1024K, 19 young (19456K), 19 survivors (19456K)
 Metaspace       used 95997K, capacity 98312K, committed 98432K, reserved 1134592K
  class space    used 12302K, capacity 13163K, committed 13184K, reserved 1048576K
}
Event: 57.396 GC heap before
{Heap before GC invocations=60 (full 0):
 garbage-first heap   total 507904K, used 428838K [0x0000000080000000, 0x0000000100000000)
  region size 1024K, 297 young (304128K), 19 survivors (19456K)
 Metaspace       used 96006K, capacity 98377K, committed 98432K, reserved 1134592K
  class space    used 12302K, capacity 13163K, committed 13184K, reserved 1048576K
}
Event: 57.443 GC heap after
{Heap after GC invocations=61 (full 0):
 garbage-first heap   total 602112K, used 143142K [0x0000000080000000, 0x0000000100000000)
  region size 1024K, 18 young (18432K), 18 survivors (18432K)
 Metaspace       used 96006K, capacity 98377K, committed 98432K, reserved 1134592K
  class space    used 12302K, capacity 13163K, committed 13184K, reserved 1048576K
}
Event: 59.246 GC heap before
{Heap before GC invocations=61 (full 0):
 garbage-first heap   total 602112K, used 485158K [0x0000000080000000, 0x0000000100000000)
  region size 1024K, 352 young (360448K), 18 survivors (18432K)
 Metaspace       used 96014K, capacity 98377K, committed 98432K, reserved 1134592K
  class space    used 12302K, capacity 13163K, committed 13184K, reserved 1048576K
}
Event: 59.292 GC heap after
{Heap after GC invocations=62 (full 0):
 garbage-first heap   total 602112K, used 143654K [0x0000000080000000, 0x0000000100000000)
  region size 1024K, 18 young (18432K), 18 survivors (18432K)
 Metaspace       used 96014K, capacity 98377K, committed 98432K, reserved 1134592K
  class space    used 12302K, capacity 13163K, committed 13184K, reserved 1048576K
}
Event: 61.348 GC heap before
{Heap before GC invocations=62 (full 0):
 garbage-first heap   total 602112K, used 485670K [0x0000000080000000, 0x0000000100000000)
  region size 1024K, 352 young (360448K), 18 survivors (18432K)
 Metaspace       used 96058K, capacity 98400K, committed 98432K, reserved 1134592K
  class space    used 12307K, capacity 13170K, committed 13184K, reserved 1048576K
}
Event: 61.392 GC heap after
{Heap after GC invocations=63 (full 0):
 garbage-first heap   total 602112K, used 142758K [0x0000000080000000, 0x0000000100000000)
  region size 1024K, 18 young (18432K), 18 survivors (18432K)
 Metaspace       used 96058K, capacity 98400K, committed 98432K, reserved 1134592K
  class space    used 12307K, capacity 13170K, committed 13184K, reserved 1048576K
}
Event: 65.964 GC heap before
{Heap before GC invocations=63 (full 0):
 garbage-first heap   total 602112K, used 539046K [0x0000000080000000, 0x0000000100000000)
  region size 1024K, 352 young (360448K), 18 survivors (18432K)
 Metaspace       used 97987K, capacity 100500K, committed 100736K, reserved 1136640K
  class space    used 12487K, capacity 13388K, committed 13440K, reserved 1048576K
}
Event: 66.155 GC heap after
{Heap after GC invocations=64 (full 0):
 garbage-first heap   total 617472K, used 234671K [0x0000000080000000, 0x0000000100000000)
  region size 1024K, 44 young (45056K), 44 survivors (45056K)
 Metaspace       used 97987K, capacity 100500K, committed 100736K, reserved 1136640K
  class space    used 12487K, capacity 13388K, committed 13440K, reserved 1048576K
}
Event: 66.466 GC heap before
{Heap before GC invocations=64 (full 0):
 garbage-first heap   total 617472K, used 251055K [0x0000000080000000, 0x0000000100000000)
  region size 1024K, 60 young (61440K), 44 survivors (45056K)
 Metaspace       used 98030K, capacity 100517K, committed 100736K, reserved 1136640K
  class space    used 12494K, capacity 13392K, committed 13440K, reserved 1048576K
}
Event: 66.623 GC heap after
{Heap after GC invocations=65 (full 0):
 garbage-first heap   total 617472K, used 237568K [0x0000000080000000, 0x0000000100000000)
  region size 1024K, 2 young (2048K), 2 survivors (2048K)
 Metaspace       used 98030K, capacity 100517K, committed 100736K, reserved 1136640K
  class space    used 12494K, capacity 13392K, committed 13440K, reserved 1048576K
}
Event: 94.221 GC heap before
{Heap before GC invocations=65 (full 0):
 garbage-first heap   total 617472K, used 339968K [0x0000000080000000, 0x0000000100000000)
  region size 1024K, 100 young (102400K), 2 survivors (2048K)
 Metaspace       used 102027K, capacity 104570K, committed 104832K, reserved 1140736K
  class space    used 12956K, capacity 13888K, committed 13952K, reserved 1048576K
}
Event: 94.242 GC heap after
{Heap after GC invocations=66 (full 0):
 garbage-first heap   total 617472K, used 248288K [0x0000000080000000, 0x0000000100000000)
  region size 1024K, 10 young (10240K), 10 survivors (10240K)
 Metaspace       used 102027K, capacity 104570K, committed 104832K, reserved 1140736K
  class space    used 12956K, capacity 13888K, committed 13952K, reserved 1048576K
}

