# JRE version: OpenJDK Runtime Environment (11.0.8+10) (build 11.0.8+10-b944.6842174)
# Java VM: OpenJDK 64-Bit Server VM (11.0.8+10-b944.6842174, mixed mode, tiered, compressed oops, g1 gc, windows-amd64)
Heap:
 garbage-first heap   total 326656K, used 189281K [0x0000000080000000, 0x0000000100000000)
  region size 1024K, 3 young (3072K), 3 survivors (3072K)
 Metaspace       used 129430K, capacity 133097K, committed 133148K, reserved 1165312K
  class space    used 15974K, capacity 17196K, committed 17228K, reserved 1048576K
GC Heap History (20 events):
Event: 199.135 GC heap after
{Heap after GC invocations=74 (full 0):
 garbage-first heap   total 199680K, used 143328K [0x0000000080000000, 0x0000000100000000)
  region size 1024K, 4 young (4096K), 4 survivors (4096K)
 Metaspace       used 122496K, capacity 125903K, committed 125980K, reserved 1159168K
  class space    used 15017K, capacity 16146K, committed 16204K, reserved 1048576K
}
Event: 199.679 GC heap before
{Heap before GC invocations=74 (full 0):
 garbage-first heap   total 199680K, used 157664K [0x0000000080000000, 0x0000000100000000)
  region size 1024K, 29 young (29696K), 4 survivors (4096K)
 Metaspace       used 122675K, capacity 126127K, committed 126236K, reserved 1159168K
  class space    used 15028K, capacity 16178K, committed 16204K, reserved 1048576K
}
Event: 199.690 GC heap after
{Heap after GC invocations=75 (full 0):
 garbage-first heap   total 199680K, used 130512K [0x0000000080000000, 0x0000000100000000)
  region size 1024K, 1 young (1024K), 1 survivors (1024K)
 Metaspace       used 122675K, capacity 126127K, committed 126236K, reserved 1159168K
  class space    used 15028K, capacity 16178K, committed 16204K, reserved 1048576K
}
Event: 201.068 GC heap before
{Heap before GC invocations=76 (full 0):
 garbage-first heap   total 199680K, used 165328K [0x0000000080000000, 0x0000000100000000)
  region size 1024K, 36 young (36864K), 1 survivors (1024K)
 Metaspace       used 123590K, capacity 126984K, committed 127132K, reserved 1161216K
  class space    used 15113K, capacity 16248K, committed 16332K, reserved 1048576K
}
Event: 201.077 GC heap after
{Heap after GC invocations=77 (full 0):
 garbage-first heap   total 239616K, used 130782K [0x0000000080000000, 0x0000000100000000)
  region size 1024K, 1 young (1024K), 1 survivors (1024K)
 Metaspace       used 123590K, capacity 126984K, committed 127132K, reserved 1161216K
  class space    used 15113K, capacity 16248K, committed 16332K, reserved 1048576K
}
Event: 201.526 GC heap before
{Heap before GC invocations=77 (full 0):
 garbage-first heap   total 239616K, used 139998K [0x0000000080000000, 0x0000000100000000)
  region size 1024K, 11 young (11264K), 1 survivors (1024K)
 Metaspace       used 123666K, capacity 127089K, committed 127388K, reserved 1161216K
  class space    used 15124K, capacity 16283K, committed 16332K, reserved 1048576K
}
Event: 201.534 GC heap after
{Heap after GC invocations=78 (full 0):
 garbage-first heap   total 239616K, used 122456K [0x0000000080000000, 0x0000000100000000)
  region size 1024K, 1 young (1024K), 1 survivors (1024K)
 Metaspace       used 123666K, capacity 127089K, committed 127388K, reserved 1161216K
  class space    used 15124K, capacity 16283K, committed 16332K, reserved 1048576K
}
Event: 205.310 GC heap before
{Heap before GC invocations=78 (full 0):
 garbage-first heap   total 239616K, used 186968K [0x0000000080000000, 0x0000000100000000)
  region size 1024K, 65 young (66560K), 1 survivors (1024K)
 Metaspace       used 125308K, capacity 128830K, committed 128924K, reserved 1161216K
  class space    used 15335K, capacity 16497K, committed 16588K, reserved 1048576K
}
Event: 205.326 GC heap after
{Heap after GC invocations=79 (full 0):
 garbage-first heap   total 239616K, used 126299K [0x0000000080000000, 0x0000000100000000)
  region size 1024K, 5 young (5120K), 5 survivors (5120K)
 Metaspace       used 125308K, capacity 128830K, committed 128924K, reserved 1161216K
  class space    used 15335K, capacity 16497K, committed 16588K, reserved 1048576K
}
Event: 207.975 GC heap before
{Heap before GC invocations=80 (full 0):
 garbage-first heap   total 239616K, used 208219K [0x0000000080000000, 0x0000000100000000)
  region size 1024K, 68 young (69632K), 5 survivors (5120K)
 Metaspace       used 126476K, capacity 130050K, committed 130332K, reserved 1163264K
  class space    used 15471K, capacity 16651K, committed 16716K, reserved 1048576K
}
Event: 208.004 GC heap after
{Heap after GC invocations=81 (full 0):
 garbage-first heap   total 239616K, used 148241K [0x0000000080000000, 0x0000000100000000)
  region size 1024K, 9 young (9216K), 9 survivors (9216K)
 Metaspace       used 126476K, capacity 130050K, committed 130332K, reserved 1163264K
  class space    used 15471K, capacity 16651K, committed 16716K, reserved 1048576K
}
Event: 208.010 GC heap before
{Heap before GC invocations=81 (full 0):
 garbage-first heap   total 239616K, used 151313K [0x0000000080000000, 0x0000000100000000)
  region size 1024K, 11 young (11264K), 9 survivors (9216K)
 Metaspace       used 126479K, capacity 130050K, committed 130332K, reserved 1163264K
  class space    used 15472K, capacity 16651K, committed 16716K, reserved 1048576K
}
Event: 208.028 GC heap after
{Heap after GC invocations=82 (full 0):
 garbage-first heap   total 239616K, used 146739K [0x0000000080000000, 0x0000000100000000)
  region size 1024K, 2 young (2048K), 2 survivors (2048K)
 Metaspace       used 126479K, capacity 130050K, committed 130332K, reserved 1163264K
  class space    used 15472K, capacity 16651K, committed 16716K, reserved 1048576K
}
Event: 208.490 GC heap before
{Heap before GC invocations=82 (full 0):
 garbage-first heap   total 239616K, used 187699K [0x0000000080000000, 0x0000000100000000)
  region size 1024K, 43 young (44032K), 2 survivors (2048K)
 Metaspace       used 127284K, capacity 130863K, committed 130972K, reserved 1163264K
  class space    used 15588K, capacity 16756K, committed 16844K, reserved 1048576K
}
Event: 208.558 GC heap after
{Heap after GC invocations=83 (full 0):
 garbage-first heap   total 239616K, used 160231K [0x0000000080000000, 0x0000000100000000)
  region size 1024K, 7 young (7168K), 7 survivors (7168K)
 Metaspace       used 127284K, capacity 130863K, committed 130972K, reserved 1163264K
  class space    used 15588K, capacity 16756K, committed 16844K, reserved 1048576K
}
Event: 211.424 GC heap before
{Heap before GC invocations=84 (full 0):
 garbage-first heap   total 239616K, used 195047K [0x0000000080000000, 0x0000000100000000)
  region size 1024K, 41 young (41984K), 7 survivors (7168K)
 Metaspace       used 129410K, capacity 133030K, committed 133148K, reserved 1165312K
  class space    used 15974K, capacity 17196K, committed 17228K, reserved 1048576K
}
Event: 211.504 GC heap after
{Heap after GC invocations=85 (full 0):
 garbage-first heap   total 239616K, used 175065K [0x0000000080000000, 0x0000000100000000)
  region size 1024K, 6 young (6144K), 6 survivors (6144K)
 Metaspace       used 129410K, capacity 133030K, committed 133148K, reserved 1165312K
  class space    used 15974K, capacity 17196K, committed 17228K, reserved 1048576K
}
Event: 211.568 GC heap before
{Heap before GC invocations=85 (full 0):
 garbage-first heap   total 239616K, used 180185K [0x0000000080000000, 0x0000000100000000)
  region size 1024K, 11 young (11264K), 6 survivors (6144K)
 Metaspace       used 129416K, capacity 133030K, committed 133148K, reserved 1165312K
  class space    used 15974K, capacity 17196K, committed 17228K, reserved 1048576K
}
Event: 211.619 GC heap after
{Heap after GC invocations=86 (full 0):
 garbage-first heap   total 239616K, used 177664K [0x0000000080000000, 0x0000000100000000)
  region size 1024K, 2 young (2048K), 2 survivors (2048K)
 Metaspace       used 129416K, capacity 133030K, committed 133148K, reserved 1165312K
  class space    used 15974K, capacity 17196K, committed 17228K, reserved 1048576K
}
Event: 211.801 GC heap before
{Heap before GC invocations=86 (full 0):
 garbage-first heap   total 239616K, used 197120K [0x0000000080000000, 0x0000000100000000)
  region size 1024K, 21 young (21504K), 2 survivors (2048K)
 Metaspace       used 129430K, capacity 133097K, committed 133148K, reserved 1165312K
  class space    used 15974K, capacity 17196K, committed 17228K, reserved 1048576K
}

